INFO:sim:172 - Generating IP...
Applying current project options...
Finished applying current project options.
WARNING:sim - A core named 'Memory' already exists in the project. Output
   products for this core may be overwritten.
Resolving generics for 'Memory'...
WARNING:sim - A core named 'Memory' already exists in the project. Output
   products for this core may be overwritten.
Applying external generics to 'Memory'...
Delivering associated files for 'Memory'...
Delivering EJava files for 'Memory'...
Generating implementation netlist for 'Memory'...
INFO:sim - Pre-processing HDL files for 'Memory'...
Running synthesis for 'Memory'
Running ngcbuild...
Writing VEO instantiation template for 'Memory'...
Writing Verilog behavioral simulation model for 'Memory'...
WARNING:sim - Overwriting existing file C:/Users/tkc/Desktop/Pipeline
   CPU/PipelineMIPSCPU/ipcore_dir/tmp/_cg/Memory/doc/dist_mem_gen_v7_2_vinfo.htm
   l with file from view xilinx_documentation
Delivered 2 files into directory C:/Users/tkc/Desktop/Pipeline
CPU/PipelineMIPSCPU/ipcore_dir/tmp/_cg/Memory
Generating ASY schematic symbol...
INFO:sim:949 - Finished generation of ASY schematic symbol.
Generating SYM schematic symbol for 'Memory'...
Generating metadata file...
Regenerating ISE project file for 'Memory'...
Generating ISE project...
XCO file found: Memory.xco
XMDF file found: Memory_xmdf.tcl
Adding C:/Users/tkc/Desktop/Pipeline
CPU/PipelineMIPSCPU/ipcore_dir/tmp/_cg/Memory.asy -view all -origin_type
imported
Adding C:/Users/tkc/Desktop/Pipeline
CPU/PipelineMIPSCPU/ipcore_dir/tmp/_cg/Memory.ngc -view all -origin_type created
Checking file "C:/Users/tkc/Desktop/Pipeline
CPU/PipelineMIPSCPU/ipcore_dir/tmp/_cg/Memory.ngc" for project device match ...
File "C:/Users/tkc/Desktop/Pipeline
CPU/PipelineMIPSCPU/ipcore_dir/tmp/_cg/Memory.ngc" device information matches
project device.
Adding C:/Users/tkc/Desktop/Pipeline
CPU/PipelineMIPSCPU/ipcore_dir/tmp/_cg/Memory.sym -view all -origin_type
imported
Adding C:/Users/tkc/Desktop/Pipeline
CPU/PipelineMIPSCPU/ipcore_dir/tmp/_cg/Memory.v -view all -origin_type created
INFO:HDLCompiler:1845 - Analyzing Verilog file "C:/Users/tkc/Desktop/Pipeline
   CPU/PipelineMIPSCPU/ipcore_dir/tmp/_cg/Memory.v" into library work
INFO:ProjectMgmt - Parsing design hierarchy completed successfully.
Adding C:/Users/tkc/Desktop/Pipeline
CPU/PipelineMIPSCPU/ipcore_dir/tmp/_cg/Memory.veo -view all -origin_type
imported
INFO:TclTasksC:2116 - The automatic calculation of top has been turned-off.
   Please set the new top explicitly by running the "project set top" command.
   To re-calculate the new top automatically, set the "Auto Implementation Top"
   property to true.
Top level has been set to "/Memory"
Generating README file...
Generating FLIST file...
INFO:sim:948 - Finished FLIST file generation.
Launching README viewer...
Moving files to output directory...
Finished moving files to output directory
Wrote CGP file for project 'Memory'.
