INFO:sim:172 - Generating IP...
Resolving generics for 'RAMemory'...
Applying external generics to 'RAMemory'...
Delivering associated files for 'RAMemory'...
Delivering EJava files for 'RAMemory'...
Generating implementation netlist for 'RAMemory'...
INFO:sim - Pre-processing HDL files for 'RAMemory'...
Running synthesis for 'RAMemory'
Running ngcbuild...
Writing VEO instantiation template for 'RAMemory'...
Writing Verilog behavioral simulation model for 'RAMemory'...
WARNING:sim - Overwriting existing file
   C:/Users/tkc/Desktop/MulticycleCPU/MulticycleCPU/ipcore_dir/tmp/_cg/RAMemory/
   doc/blk_mem_gen_v7_3_vinfo.html with file from view xilinx_documentation
Delivered 1 file into directory
C:/Users/tkc/Desktop/MulticycleCPU/MulticycleCPU/ipcore_dir/tmp/_cg/RAMemory
Generating ASY schematic symbol...
INFO:sim:949 - Finished generation of ASY schematic symbol.
Generating SYM schematic symbol for 'RAMemory'...
Generating metadata file...
Generating ISE project file for 'RAMemory'...
Generating ISE project...
XCO file found: RAMemory.xco
XMDF file found: RAMemory_xmdf.tcl
Adding
C:/Users/tkc/Desktop/MulticycleCPU/MulticycleCPU/ipcore_dir/tmp/_cg/RAMemory.asy
-view all -origin_type imported
Adding
C:/Users/tkc/Desktop/MulticycleCPU/MulticycleCPU/ipcore_dir/tmp/_cg/RAMemory.ngc
-view all -origin_type created
Checking file
"C:/Users/tkc/Desktop/MulticycleCPU/MulticycleCPU/ipcore_dir/tmp/_cg/RAMemory.ng
c" for project device match ...
File
"C:/Users/tkc/Desktop/MulticycleCPU/MulticycleCPU/ipcore_dir/tmp/_cg/RAMemory.ng
c" device information matches project device.
Adding
C:/Users/tkc/Desktop/MulticycleCPU/MulticycleCPU/ipcore_dir/tmp/_cg/RAMemory.sym
-view all -origin_type imported
Adding
C:/Users/tkc/Desktop/MulticycleCPU/MulticycleCPU/ipcore_dir/tmp/_cg/RAMemory.v
-view all -origin_type created
INFO:HDLCompiler:1845 - Analyzing Verilog file
   "C:/Users/tkc/Desktop/MulticycleCPU/MulticycleCPU/ipcore_dir/tmp/_cg/RAMemory
   .v" into library work
INFO:ProjectMgmt - Parsing design hierarchy completed successfully.
Adding
C:/Users/tkc/Desktop/MulticycleCPU/MulticycleCPU/ipcore_dir/tmp/_cg/RAMemory.veo
-view all -origin_type imported
INFO:TclTasksC:2116 - The automatic calculation of top has been turned-off.
   Please set the new top explicitly by running the "project set top" command.
   To re-calculate the new top automatically, set the "Auto Implementation Top"
   property to true.
Top level has been set to "/RAMemory"
Generating README file...
Generating FLIST file...
INFO:sim:948 - Finished FLIST file generation.
Launching README viewer...
Moving files to output directory...
Finished moving files to output directory
Wrote CGP file for project 'RAMemory'.
