ISim log file
Running: C:\Users\tkc\Desktop\RISCV\USTCPV\project_ise\ustcpv\riscvtest_isim_beh.exe -intstyle ise -gui -tclbatch isim.cmd -wdb C:/Users/tkc/Desktop/RISCV/USTCPV/project_ise/ustcpv/riscvtest_isim_beh.wdb 
INFO: There is another simulation running in the same directory. Using database file name isim1.wdb.
ISim P.20131013 (signature 0x7708f090)
----------------------------------------------------------------------
WARNING:Security:42 - Your software subscription period has lapsed. Your current version of Xilinx tools will continue to function, but you no longer qualify for Xilinx software updates or new releases.


----------------------------------------------------------------------
This is a Full version of ISim.
Time resolution is 1 ps
# onerror resume
# wave add /
# run 1000 ns
Simulator is doing circuit initialization process.
Finished circuit initialization process.
cache controller active
# restart
# run 1.00us
Simulator is doing circuit initialization process.
Finished circuit initialization process.
cache controller active
# restart
# run all
Simulator is doing circuit initialization process.
Finished circuit initialization process.
cache controller active
hhhhello world!

Stopped at time : 12 us : File "C:/Users/tkc/Desktop/RISCV/USTCPV/project_ise/sim/test.v" Line 13
