Release 14.7 - xst P.20131013 (nt64)
Copyright (c) 1995-2013 Xilinx, Inc.  All rights reserved.
--> Parameter TMPDIR set to xst/projnav.tmp


Total REAL time to Xst completion: 0.00 secs
Total CPU time to Xst completion: 0.08 secs
 
--> Parameter xsthdpdir set to xst


Total REAL time to Xst completion: 0.00 secs
Total CPU time to Xst completion: 0.08 secs
 
--> Reading design: MulticycleCPU.prj

TABLE OF CONTENTS
  1) Synthesis Options Summary
  2) HDL Parsing
  3) HDL Elaboration
  4) HDL Synthesis
       4.1) HDL Synthesis Report
  5) Advanced HDL Synthesis
       5.1) Advanced HDL Synthesis Report
  6) Low Level Synthesis
  7) Partition Report
  8) Design Summary
       8.1) Primitive and Black Box Usage
       8.2) Device utilization summary
       8.3) Partition Resource Summary
       8.4) Timing Report
            8.4.1) Clock Information
            8.4.2) Asynchronous Control Signals Information
            8.4.3) Timing Summary
            8.4.4) Timing Details
            8.4.5) Cross Clock Domains Report


=========================================================================
*                      Synthesis Options Summary                        *
=========================================================================
---- Source Parameters
Input File Name                    : "MulticycleCPU.prj"
Ignore Synthesis Constraint File   : NO

---- Target Parameters
Output File Name                   : "MulticycleCPU"
Output Format                      : NGC
Target Device                      : xc7a100t-3-csg324

---- Source Options
Top Module Name                    : MulticycleCPU
Automatic FSM Extraction           : YES
FSM Encoding Algorithm             : Auto
Safe Implementation                : No
FSM Style                          : LUT
RAM Extraction                     : Yes
RAM Style                          : Auto
ROM Extraction                     : Yes
Shift Register Extraction          : YES
ROM Style                          : Auto
Resource Sharing                   : YES
Asynchronous To Synchronous        : NO
Shift Register Minimum Size        : 2
Use DSP Block                      : Auto
Automatic Register Balancing       : No

---- Target Options
LUT Combining                      : Auto
Reduce Control Sets                : Auto
Add IO Buffers                     : YES
Global Maximum Fanout              : 100000
Add Generic Clock Buffer(BUFG)     : 32
Register Duplication               : YES
Optimize Instantiated Primitives   : NO
Use Clock Enable                   : Auto
Use Synchronous Set                : Auto
Use Synchronous Reset              : Auto
Pack IO Registers into IOBs        : Auto
Equivalent register Removal        : YES

---- General Options
Optimization Goal                  : Speed
Optimization Effort                : 1
Power Reduction                    : NO
Keep Hierarchy                     : No
Netlist Hierarchy                  : As_Optimized
RTL Output                         : Yes
Global Optimization                : AllClockNets
Read Cores                         : YES
Write Timing Constraints           : NO
Cross Clock Analysis               : NO
Hierarchy Separator                : /
Bus Delimiter                      : <>
Case Specifier                     : Maintain
Slice Utilization Ratio            : 100
BRAM Utilization Ratio             : 100
DSP48 Utilization Ratio            : 100
Auto BRAM Packing                  : NO
Slice Utilization Ratio Delta      : 5

---- Other Options
Cores Search Directories           : {"ipcore_dir"  }

=========================================================================


=========================================================================
*                          HDL Parsing                                  *
=========================================================================
Analyzing Verilog file "C:\Users\tkc\Desktop\MulticycleCPU\MulticycleCPU\SignExtend.v" into library work
Parsing module <SignExtend>.
Analyzing Verilog file "C:\Users\tkc\Desktop\MulticycleCPU\MulticycleCPU\reg_file.v" into library work
Parsing module <REG_FILE>.
Analyzing Verilog file "C:\Users\tkc\Desktop\MulticycleCPU\MulticycleCPU\Reg_clk.v" into library work
Parsing module <Reg_clk>.
Analyzing Verilog file "C:\Users\tkc\Desktop\MulticycleCPU\MulticycleCPU\PC.v" into library work
Parsing module <PC>.
Analyzing Verilog file "C:\Users\tkc\Desktop\MulticycleCPU\MulticycleCPU\Mux4to1.v" into library work
Parsing module <Mux4to1>.
Analyzing Verilog file "C:\Users\tkc\Desktop\MulticycleCPU\MulticycleCPU\Mux3to1.v" into library work
Parsing module <Mux3to1>.
Analyzing Verilog file "C:\Users\tkc\Desktop\MulticycleCPU\MulticycleCPU\Mux32.v" into library work
Parsing module <Mux>.
Analyzing Verilog file "C:\Users\tkc\Desktop\MulticycleCPU\MulticycleCPU\ipcore_dir\RAMemory.v" into library work
Parsing module <RAMemory>.
Analyzing Verilog file "C:\Users\tkc\Desktop\MulticycleCPU\MulticycleCPU\ipcore_dir\Memory.v" into library work
Parsing module <Memory>.
Analyzing Verilog file "C:\Users\tkc\Desktop\MulticycleCPU\MulticycleCPU\InstrReg.v" into library work
Parsing module <InstrReg>.
Analyzing Verilog file "C:\Users\tkc\Desktop\MulticycleCPU\MulticycleCPU\control.v" into library work
Parsing module <Control>.
Analyzing Verilog file "C:\Users\tkc\Desktop\MulticycleCPU\MulticycleCPU\ALUControl.v" into library work
Parsing module <ALUcontrol>.
Analyzing Verilog file "C:\Users\tkc\Desktop\MulticycleCPU\MulticycleCPU\alu.v" into library work
Parsing module <ALU>.
Analyzing Verilog file "C:\Users\tkc\Desktop\MulticycleCPU\MulticycleCPU\MulticycleCPU.v" into library work
Parsing module <MulticycleCPU>.

=========================================================================
*                            HDL Elaboration                            *
=========================================================================

Elaborating module <MulticycleCPU>.
WARNING:HDLCompiler:413 - "C:\Users\tkc\Desktop\MulticycleCPU\MulticycleCPU\MulticycleCPU.v" Line 35: Result of 32-bit expression is truncated to fit in 1-bit target.

Elaborating module <PC>.

Elaborating module <Memory>.
WARNING:HDLCompiler:1499 - "C:\Users\tkc\Desktop\MulticycleCPU\MulticycleCPU\ipcore_dir\Memory.v" Line 39: Empty module <Memory> remains a black box.

Elaborating module <InstrReg>.

Elaborating module <Control>.
ERROR:HDLCompiler:1128 - "C:\Users\tkc\Desktop\MulticycleCPU\MulticycleCPU\control.v" Line 92: Assignment under multiple single edges is not supported for synthesis
INFO - You can change the severity of this error message to warning using switch -change_error_to_warning "HDLCompiler:1128"
Module Control remains a blackbox, due to errors in its contents
WARNING:HDLCompiler:1499 - "C:\Users\tkc\Desktop\MulticycleCPU\MulticycleCPU\control.v" Line 21: Empty module <Control> remains a black box.

Elaborating module <ALUcontrol>.

Elaborating module <SignExtend>.

Elaborating module <REG_FILE>.

Elaborating module <Reg_clk>.

Elaborating module <ALU>.

Elaborating module <RAMemory>.
WARNING:HDLCompiler:1499 - "C:\Users\tkc\Desktop\MulticycleCPU\MulticycleCPU\ipcore_dir\RAMemory.v" Line 39: Empty module <RAMemory> remains a black box.

Elaborating module <Mux4to1>.

Elaborating module <Mux3to1>.

Elaborating module <Mux>.

Elaborating module <Mux(EM=4)>.
--> 

Total memory usage is 236696 kilobytes

Number of errors   :    1 (   0 filtered)
Number of warnings :    4 (   0 filtered)
Number of infos    :    0 (   0 filtered)

