--------------------------------------------------------------------------------
Release 14.7 Trace  (nt64)
Copyright (c) 1995-2013 Xilinx, Inc.  All rights reserved.

C:\Xilinx\14.7\ISE_DS\ISE\bin\nt64\unwrapped\trce.exe -intstyle ise -v 3 -s 3
-n 3 -fastpaths -xml PipelineCPU.twx PipelineCPU.ncd -o PipelineCPU.twr
PipelineCPU.pcf

Design file:              PipelineCPU.ncd
Physical constraint file: PipelineCPU.pcf
Device,package,speed:     xc7a100t,csg324,C,-3 (PRODUCTION 1.10 2013-10-13)
Report level:             verbose report

Environment Variable      Effect 
--------------------      ------ 
NONE                      No environment variables were set
--------------------------------------------------------------------------------

INFO:Timing:2698 - No timing constraints found, doing default enumeration.
INFO:Timing:3412 - To improve timing, see the Timing Closure User Guide (UG612).
INFO:Timing:2752 - To get complete path coverage, use the unconstrained paths 
   option. All paths that are not constrained will be reported in the 
   unconstrained paths section(s) of the report.
INFO:Timing:3339 - The clock-to-out numbers in this timing report are based on 
   a 50 Ohm transmission line loading model.  For the details of this model, 
   and for more information on accounting for different loading conditions, 
   please see the device datasheet.



Data Sheet report:
-----------------
All values displayed in nanoseconds (ns)

Setup/Hold to clock clk
------------+------------+------------+------------+------------+------------------+--------+
            |Max Setup to|  Process   |Max Hold to |  Process   |                  | Clock  |
Source      | clk (edge) |   Corner   | clk (edge) |   Corner   |Internal Clock(s) | Phase  |
------------+------------+------------+------------+------------+------------------+--------+
reset       |    0.536(R)|      FAST  |    1.036(R)|      SLOW  |clk_BUFGP         |   0.000|
------------+------------+------------+------------+------------+------------------+--------+

Clock clk to Pad
------------+-----------------+------------+-----------------+------------+------------------+--------+
            |Max (slowest) clk|  Process   |Min (fastest) clk|  Process   |                  | Clock  |
Destination |  (edge) to PAD  |   Corner   |  (edge) to PAD  |   Corner   |Internal Clock(s) | Phase  |
------------+-----------------+------------+-----------------+------------+------------------+--------+
out<0>      |         9.950(R)|      SLOW  |         4.025(R)|      FAST  |clk_BUFGP         |   0.000|
out<1>      |        10.067(R)|      SLOW  |         4.036(R)|      FAST  |clk_BUFGP         |   0.000|
out<2>      |        10.739(R)|      SLOW  |         4.464(R)|      FAST  |clk_BUFGP         |   0.000|
out<3>      |        10.150(R)|      SLOW  |         4.168(R)|      FAST  |clk_BUFGP         |   0.000|
out<4>      |        10.532(R)|      SLOW  |         4.245(R)|      FAST  |clk_BUFGP         |   0.000|
out<5>      |         9.896(R)|      SLOW  |         4.115(R)|      FAST  |clk_BUFGP         |   0.000|
out<6>      |        10.297(R)|      SLOW  |         4.051(R)|      FAST  |clk_BUFGP         |   0.000|
out<7>      |        10.684(R)|      SLOW  |         4.593(R)|      FAST  |clk_BUFGP         |   0.000|
out<8>      |        10.490(R)|      SLOW  |         4.490(R)|      FAST  |clk_BUFGP         |   0.000|
out<9>      |        10.188(R)|      SLOW  |         4.326(R)|      FAST  |clk_BUFGP         |   0.000|
out<10>     |        10.593(R)|      SLOW  |         4.547(R)|      FAST  |clk_BUFGP         |   0.000|
out<11>     |        10.398(R)|      SLOW  |         4.444(R)|      FAST  |clk_BUFGP         |   0.000|
out<12>     |        10.295(R)|      SLOW  |         4.330(R)|      FAST  |clk_BUFGP         |   0.000|
out<13>     |        10.285(R)|      SLOW  |         4.377(R)|      FAST  |clk_BUFGP         |   0.000|
out<14>     |        10.280(R)|      SLOW  |         4.331(R)|      FAST  |clk_BUFGP         |   0.000|
out<15>     |         9.879(R)|      SLOW  |         4.156(R)|      FAST  |clk_BUFGP         |   0.000|
out<16>     |        10.560(R)|      SLOW  |         3.926(R)|      FAST  |clk_BUFGP         |   0.000|
out<17>     |         9.845(R)|      SLOW  |         4.161(R)|      FAST  |clk_BUFGP         |   0.000|
out<18>     |        10.485(R)|      SLOW  |         4.162(R)|      FAST  |clk_BUFGP         |   0.000|
out<19>     |        10.392(R)|      SLOW  |         4.187(R)|      FAST  |clk_BUFGP         |   0.000|
out<21>     |        10.510(R)|      SLOW  |         4.465(R)|      FAST  |clk_BUFGP         |   0.000|
out<22>     |         9.962(R)|      SLOW  |         3.814(R)|      FAST  |clk_BUFGP         |   0.000|
out<23>     |         9.396(R)|      SLOW  |         3.691(R)|      FAST  |clk_BUFGP         |   0.000|
out<24>     |         9.747(R)|      SLOW  |         4.010(R)|      FAST  |clk_BUFGP         |   0.000|
out<26>     |        10.249(R)|      SLOW  |         3.902(R)|      FAST  |clk_BUFGP         |   0.000|
out<27>     |        10.376(R)|      SLOW  |         4.066(R)|      FAST  |clk_BUFGP         |   0.000|
out<28>     |         9.269(R)|      SLOW  |         3.776(R)|      FAST  |clk_BUFGP         |   0.000|
out<29>     |         8.956(R)|      SLOW  |         3.628(R)|      FAST  |clk_BUFGP         |   0.000|
out<30>     |         9.199(R)|      SLOW  |         3.802(R)|      FAST  |clk_BUFGP         |   0.000|
out<31>     |         9.660(R)|      SLOW  |         3.906(R)|      FAST  |clk_BUFGP         |   0.000|
------------+-----------------+------------+-----------------+------------+------------------+--------+

Clock to Setup on destination clock clk
---------------+---------+---------+---------+---------+
               | Src:Rise| Src:Fall| Src:Rise| Src:Fall|
Source Clock   |Dest:Rise|Dest:Rise|Dest:Fall|Dest:Fall|
---------------+---------+---------+---------+---------+
clk            |    7.089|         |         |         |
---------------+---------+---------+---------+---------+


Analysis completed Tue May 22 10:11:22 2018 
--------------------------------------------------------------------------------

Trace Settings:
-------------------------
Trace Settings 

Peak Memory Usage: 614 MB



